src-capacitor/android/app/build/intermediates/manifest_merge_blame_file/release/manifest-merger-blame-release-report.txt
1<?xml version="1.0" encoding="utf-8"?>
2<manifest xmlns:android="http://schemas.android.com/apk/res/android"
3    package="wecan.medicalbook.app"
4    android:versionCode="1"
5    android:versionName="1.0" >
6
7    <uses-sdk
8        android:minSdkVersion="21"
8-->src/main/AndroidManifest.xml
9        android:targetSdkVersion="29" />
9-->src/main/AndroidManifest.xml
10
11    <!-- Permissions -->
12
13    <uses-permission android:name="android.permission.INTERNET" />
13-->src/main/AndroidManifest.xml:48:5-67
13-->src/main/AndroidManifest.xml:48:22-64
14    <!-- Camera, Photos, input file -->
15    <uses-permission android:name="android.permission.READ_EXTERNAL_STORAGE" />
15-->src/main/AndroidManifest.xml:50:5-79
15-->src/main/AndroidManifest.xml:50:22-77
16    <uses-permission android:name="android.permission.WRITE_EXTERNAL_STORAGE" />
16-->src/main/AndroidManifest.xml:51:5-81
16-->src/main/AndroidManifest.xml:51:22-78
17    <!-- Geolocation API -->
18    <uses-permission android:name="android.permission.ACCESS_COARSE_LOCATION" />
18-->src/main/AndroidManifest.xml:53:5-81
18-->src/main/AndroidManifest.xml:53:22-78
19    <uses-permission android:name="android.permission.ACCESS_FINE_LOCATION" />
19-->src/main/AndroidManifest.xml:54:5-79
19-->src/main/AndroidManifest.xml:54:22-76
20
21    <uses-feature android:name="android.hardware.location.gps" />
21-->src/main/AndroidManifest.xml:55:5-66
21-->src/main/AndroidManifest.xml:55:19-63
22    <!-- Network API -->
23    <uses-permission android:name="android.permission.ACCESS_NETWORK_STATE" />
23-->src/main/AndroidManifest.xml:57:5-79
23-->src/main/AndroidManifest.xml:57:22-76
24    <!-- Navigator.getUserMedia -->
25    <!-- Video -->
26    <uses-permission android:name="android.permission.CAMERA" />
26-->src/main/AndroidManifest.xml:60:5-65
26-->src/main/AndroidManifest.xml:60:22-62
27    <!-- Audio -->
28    <uses-permission android:name="android.permission.RECORD_AUDIO" />
28-->src/main/AndroidManifest.xml:62:5-71
28-->src/main/AndroidManifest.xml:62:22-68
29    <uses-permission android:name="android.permission.MODIFY_AUDIO_SETTINGS" />
29-->src/main/AndroidManifest.xml:63:5-79
29-->src/main/AndroidManifest.xml:63:22-77
30
31    <uses-feature
31-->[:capacitor-android] AndroidManifest.xml:11:5-13:36
32        android:name="android.hardware.camera"
32-->[:capacitor-android] AndroidManifest.xml:12:9-47
33        android:required="false" />
33-->[:capacitor-android] AndroidManifest.xml:13:9-33
34
35    <uses-permission android:name="android.permission.RECEIVE_BOOT_COMPLETED" />
35-->[:capacitor-android] AndroidManifest.xml:15:5-81
35-->[:capacitor-android] AndroidManifest.xml:15:22-78
36    <uses-permission android:name="android.permission.WAKE_LOCK" /> <!-- Required by older versions of Google Play services to create IID tokens -->
36-->[:capacitor-android] AndroidManifest.xml:16:5-68
36-->[:capacitor-android] AndroidManifest.xml:16:22-65
37    <uses-permission android:name="com.google.android.c2dm.permission.RECEIVE" />
37-->[com.google.firebase:firebase-iid:20.1.1] AndroidManifest.xml:26:5-82
37-->[com.google.firebase:firebase-iid:20.1.1] AndroidManifest.xml:26:22-79
38
39    <application
39-->src/main/AndroidManifest.xml:5:5-44:19
40        android:allowBackup="true"
40-->src/main/AndroidManifest.xml:7:9-35
41        android:appComponentFactory="androidx.core.app.CoreComponentFactory"
41-->[androidx.core:core:1.2.0] AndroidManifest.xml:24:18-86
42        android:icon="@mipmap/ic_launcher"
42-->src/main/AndroidManifest.xml:8:9-43
43        android:label="@string/app_name"
43-->src/main/AndroidManifest.xml:9:9-41
44        android:roundIcon="@mipmap/ic_launcher_round"
44-->src/main/AndroidManifest.xml:10:9-54
45        android:supportsRtl="true"
45-->src/main/AndroidManifest.xml:11:9-35
46        android:theme="@style/AppTheme"
46-->src/main/AndroidManifest.xml:12:9-40
47        android:usesCleartextTraffic="true" >
47-->src/main/AndroidManifest.xml:6:9-44
48        <activity
48-->src/main/AndroidManifest.xml:14:9-33:20
49            android:name="wecan.medicalbook.app.MainActivity"
49-->src/main/AndroidManifest.xml:16:13-62
50            android:configChanges="orientation|keyboardHidden|keyboard|screenSize|locale|smallestScreenSize|screenLayout|uiMode"
50-->src/main/AndroidManifest.xml:15:13-129
51            android:label="@string/title_activity_main"
51-->src/main/AndroidManifest.xml:17:13-56
52            android:launchMode="singleTask"
52-->src/main/AndroidManifest.xml:19:13-44
53            android:theme="@style/AppTheme.NoActionBarLaunch" >
53-->src/main/AndroidManifest.xml:18:13-62
54            <intent-filter>
54-->src/main/AndroidManifest.xml:21:13-24:29
55                <action android:name="android.intent.action.MAIN" />
55-->src/main/AndroidManifest.xml:22:17-69
55-->src/main/AndroidManifest.xml:22:25-66
56
57                <category android:name="android.intent.category.LAUNCHER" />
57-->src/main/AndroidManifest.xml:23:17-77
57-->src/main/AndroidManifest.xml:23:27-74
58            </intent-filter>
59            <intent-filter>
59-->src/main/AndroidManifest.xml:26:13-31:29
60                <action android:name="android.intent.action.VIEW" />
60-->src/main/AndroidManifest.xml:27:17-69
60-->src/main/AndroidManifest.xml:27:25-66
61
62                <category android:name="android.intent.category.DEFAULT" />
62-->src/main/AndroidManifest.xml:28:17-76
62-->src/main/AndroidManifest.xml:28:27-73
63                <category android:name="android.intent.category.BROWSABLE" />
63-->src/main/AndroidManifest.xml:29:17-78
63-->src/main/AndroidManifest.xml:29:27-75
64
65                <data android:scheme="@string/custom_url_scheme" />
65-->src/main/AndroidManifest.xml:30:17-68
65-->src/main/AndroidManifest.xml:30:23-65
66            </intent-filter>
67        </activity>
68
69        <provider
70            android:name="androidx.core.content.FileProvider"
70-->src/main/AndroidManifest.xml:36:13-62
71            android:authorities="wecan.medicalbook.app.fileprovider"
71-->src/main/AndroidManifest.xml:37:13-64
72            android:exported="false"
72-->src/main/AndroidManifest.xml:38:13-37
73            android:grantUriPermissions="true" >
73-->src/main/AndroidManifest.xml:39:13-47
74            <meta-data
74-->src/main/AndroidManifest.xml:40:13-42:64
75                android:name="android.support.FILE_PROVIDER_PATHS"
75-->src/main/AndroidManifest.xml:41:17-67
76                android:resource="@xml/file_paths" />
76-->src/main/AndroidManifest.xml:42:17-51
77        </provider>
78
79        <service
79-->[:capacitor-android] AndroidManifest.xml:19:9-21:40
80            android:name="com.getcapacitor.plugin.background.BackgroundTaskService"
80-->[:capacitor-android] AndroidManifest.xml:20:13-84
81            android:exported="false" />
81-->[:capacitor-android] AndroidManifest.xml:21:13-37
82
83        <receiver android:name="com.getcapacitor.plugin.notification.TimedNotificationPublisher" />
83-->[:capacitor-android] AndroidManifest.xml:23:9-100
83-->[:capacitor-android] AndroidManifest.xml:23:19-97
84        <receiver android:name="com.getcapacitor.plugin.notification.NotificationDismissReceiver" />
84-->[:capacitor-android] AndroidManifest.xml:24:9-101
84-->[:capacitor-android] AndroidManifest.xml:24:19-98
85
86        <meta-data
86-->[:capacitor-android] AndroidManifest.xml:26:9-28:37
87            android:name="firebase_messaging_auto_init_enabled"
87-->[:capacitor-android] AndroidManifest.xml:27:13-64
88            android:value="false" />
88-->[:capacitor-android] AndroidManifest.xml:28:13-34
89
90        <service
90-->[:capacitor-android] AndroidManifest.xml:30:9-36:19
91            android:name="com.getcapacitor.CapacitorFirebaseMessagingService"
91-->[:capacitor-android] AndroidManifest.xml:31:13-78
92            android:stopWithTask="false" >
92-->[:capacitor-android] AndroidManifest.xml:32:13-41
93            <intent-filter>
93-->[:capacitor-android] AndroidManifest.xml:33:13-35:29
94                <action android:name="com.google.firebase.MESSAGING_EVENT" />
94-->[:capacitor-android] AndroidManifest.xml:34:17-78
94-->[:capacitor-android] AndroidManifest.xml:34:25-75
95            </intent-filter>
96        </service>
97
98        <receiver
98-->[:capacitor-android] AndroidManifest.xml:38:9-47:20
99            android:name="com.getcapacitor.plugin.notification.LocalNotificationRestoreReceiver"
99-->[:capacitor-android] AndroidManifest.xml:39:13-97
100            android:directBootAware="true"
100-->[:capacitor-android] AndroidManifest.xml:40:13-43
101            android:exported="false" >
101-->[:capacitor-android] AndroidManifest.xml:41:13-37
102            <intent-filter>
102-->[:capacitor-android] AndroidManifest.xml:42:13-46:29
103                <action android:name="android.intent.action.LOCKED_BOOT_COMPLETED" />
103-->[:capacitor-android] AndroidManifest.xml:43:17-86
103-->[:capacitor-android] AndroidManifest.xml:43:25-83
104                <action android:name="android.intent.action.BOOT_COMPLETED" />
104-->[:capacitor-android] AndroidManifest.xml:44:17-79
104-->[:capacitor-android] AndroidManifest.xml:44:25-76
105                <action android:name="android.intent.action.QUICKBOOT_POWERON" />
105-->[:capacitor-android] AndroidManifest.xml:45:17-82
105-->[:capacitor-android] AndroidManifest.xml:45:25-79
106            </intent-filter>
107        </receiver>
108        <!--
109             FirebaseMessagingService performs security checks at runtime,
110             but set to not exported to explicitly avoid allowing another app to call it.
111        -->
112        <service
112-->[com.google.firebase:firebase-messaging:20.1.2] AndroidManifest.xml:28:9-34:19
113            android:name="com.google.firebase.messaging.FirebaseMessagingService"
113-->[com.google.firebase:firebase-messaging:20.1.2] AndroidManifest.xml:29:13-82
114            android:exported="false" >
114-->[com.google.firebase:firebase-messaging:20.1.2] AndroidManifest.xml:30:13-37
115            <intent-filter android:priority="-500" >
115-->[:capacitor-android] AndroidManifest.xml:33:13-35:29
116                <action android:name="com.google.firebase.MESSAGING_EVENT" />
116-->[:capacitor-android] AndroidManifest.xml:34:17-78
116-->[:capacitor-android] AndroidManifest.xml:34:25-75
117            </intent-filter>
118        </service>
119        <service
119-->[com.google.firebase:firebase-messaging:20.1.2] AndroidManifest.xml:35:9-41:19
120            android:name="com.google.firebase.components.ComponentDiscoveryService"
120-->[com.google.firebase:firebase-messaging:20.1.2] AndroidManifest.xml:36:13-84
121            android:directBootAware="true"
121-->[com.google.firebase:firebase-common:19.3.0] AndroidManifest.xml:34:13-43
122            android:exported="false" >
122-->[com.google.firebase:firebase-messaging:20.1.2] AndroidManifest.xml:37:13-37
123            <meta-data
123-->[com.google.firebase:firebase-messaging:20.1.2] AndroidManifest.xml:38:13-40:85
124                android:name="com.google.firebase.components:com.google.firebase.messaging.FirebaseMessagingRegistrar"
124-->[com.google.firebase:firebase-messaging:20.1.2] AndroidManifest.xml:39:17-119
125                android:value="com.google.firebase.components.ComponentRegistrar" />
125-->[com.google.firebase:firebase-messaging:20.1.2] AndroidManifest.xml:40:17-82
126            <meta-data
126-->[com.google.firebase:firebase-datatransport:17.0.3] AndroidManifest.xml:28:13-30:85
127                android:name="com.google.firebase.components:com.google.firebase.datatransport.TransportRegistrar"
127-->[com.google.firebase:firebase-datatransport:17.0.3] AndroidManifest.xml:29:17-115
128                android:value="com.google.firebase.components.ComponentRegistrar" />
128-->[com.google.firebase:firebase-datatransport:17.0.3] AndroidManifest.xml:30:17-82
129            <meta-data
129-->[com.google.firebase:firebase-iid:20.1.1] AndroidManifest.xml:32:13-34:85
130                android:name="com.google.firebase.components:com.google.firebase.iid.Registrar"
130-->[com.google.firebase:firebase-iid:20.1.1] AndroidManifest.xml:33:17-96
131                android:value="com.google.firebase.components.ComponentRegistrar" />
131-->[com.google.firebase:firebase-iid:20.1.1] AndroidManifest.xml:34:17-82
132            <meta-data
132-->[com.google.firebase:firebase-installations:16.0.0] AndroidManifest.xml:17:13-19:85
133                android:name="com.google.firebase.components:com.google.firebase.installations.FirebaseInstallationsRegistrar"
133-->[com.google.firebase:firebase-installations:16.0.0] AndroidManifest.xml:18:17-127
134                android:value="com.google.firebase.components.ComponentRegistrar" />
134-->[com.google.firebase:firebase-installations:16.0.0] AndroidManifest.xml:19:17-82
135        </service>
136
137        <receiver
137-->[com.google.firebase:firebase-iid:20.1.1] AndroidManifest.xml:37:9-44:20
138            android:name="com.google.firebase.iid.FirebaseInstanceIdReceiver"
138-->[com.google.firebase:firebase-iid:20.1.1] AndroidManifest.xml:38:13-78
139            android:exported="true"
139-->[com.google.firebase:firebase-iid:20.1.1] AndroidManifest.xml:39:13-36
140            android:permission="com.google.android.c2dm.permission.SEND" >
140-->[com.google.firebase:firebase-iid:20.1.1] AndroidManifest.xml:40:13-73
141            <intent-filter>
141-->[com.google.firebase:firebase-iid:20.1.1] AndroidManifest.xml:41:13-43:29
142                <action android:name="com.google.android.c2dm.intent.RECEIVE" />
142-->[com.google.firebase:firebase-iid:20.1.1] AndroidManifest.xml:42:17-81
142-->[com.google.firebase:firebase-iid:20.1.1] AndroidManifest.xml:42:25-78
143            </intent-filter>
144        </receiver>
145
146        <provider
146-->[com.google.firebase:firebase-common:19.3.0] AndroidManifest.xml:26:9-30:39
147            android:name="com.google.firebase.provider.FirebaseInitProvider"
147-->[com.google.firebase:firebase-common:19.3.0] AndroidManifest.xml:27:13-77
148            android:authorities="wecan.medicalbook.app.firebaseinitprovider"
148-->[com.google.firebase:firebase-common:19.3.0] AndroidManifest.xml:28:13-72
149            android:exported="false"
149-->[com.google.firebase:firebase-common:19.3.0] AndroidManifest.xml:29:13-37
150            android:initOrder="100" />
150-->[com.google.firebase:firebase-common:19.3.0] AndroidManifest.xml:30:13-36
151
152        <activity
152-->[com.google.android.gms:play-services-base:17.0.0] AndroidManifest.xml:23:9-26:75
153            android:name="com.google.android.gms.common.api.GoogleApiActivity"
153-->[com.google.android.gms:play-services-base:17.0.0] AndroidManifest.xml:24:13-79
154            android:exported="false"
154-->[com.google.android.gms:play-services-base:17.0.0] AndroidManifest.xml:25:13-37
155            android:theme="@android:style/Theme.Translucent.NoTitleBar" />
155-->[com.google.android.gms:play-services-base:17.0.0] AndroidManifest.xml:26:13-72
156
157        <meta-data
157-->[com.google.android.gms:play-services-basement:17.0.0] AndroidManifest.xml:23:9-25:69
158            android:name="com.google.android.gms.version"
158-->[com.google.android.gms:play-services-basement:17.0.0] AndroidManifest.xml:24:13-58
159            android:value="@integer/google_play_services_version" />
159-->[com.google.android.gms:play-services-basement:17.0.0] AndroidManifest.xml:25:13-66
160
161        <service
161-->[com.google.android.datatransport:transport-backend-cct:2.2.0] AndroidManifest.xml:29:9-35:19
162            android:name="com.google.android.datatransport.runtime.backends.TransportBackendDiscovery"
162-->[com.google.android.datatransport:transport-backend-cct:2.2.0] AndroidManifest.xml:30:13-103
163            android:exported="false" >
163-->[com.google.android.datatransport:transport-backend-cct:2.2.0] AndroidManifest.xml:31:13-37
164            <meta-data
164-->[com.google.android.datatransport:transport-backend-cct:2.2.0] AndroidManifest.xml:32:13-34:39
165                android:name="backend:com.google.android.datatransport.cct.CctBackendFactory"
165-->[com.google.android.datatransport:transport-backend-cct:2.2.0] AndroidManifest.xml:33:17-94
166                android:value="cct" />
166-->[com.google.android.datatransport:transport-backend-cct:2.2.0] AndroidManifest.xml:34:17-36
167        </service>
168        <service
168-->[com.google.android.datatransport:transport-runtime:2.2.0] AndroidManifest.xml:26:9-30:19
169            android:name="com.google.android.datatransport.runtime.scheduling.jobscheduling.JobInfoSchedulerService"
169-->[com.google.android.datatransport:transport-runtime:2.2.0] AndroidManifest.xml:27:13-117
170            android:exported="false"
170-->[com.google.android.datatransport:transport-runtime:2.2.0] AndroidManifest.xml:28:13-37
171            android:permission="android.permission.BIND_JOB_SERVICE" >
171-->[com.google.android.datatransport:transport-runtime:2.2.0] AndroidManifest.xml:29:13-69
172        </service>
173
174        <receiver
174-->[com.google.android.datatransport:transport-runtime:2.2.0] AndroidManifest.xml:32:9-34:40
175            android:name="com.google.android.datatransport.runtime.scheduling.jobscheduling.AlarmManagerSchedulerBroadcastReceiver"
175-->[com.google.android.datatransport:transport-runtime:2.2.0] AndroidManifest.xml:33:13-132
176            android:exported="false" />
176-->[com.google.android.datatransport:transport-runtime:2.2.0] AndroidManifest.xml:34:13-37
177    </application>
178
179</manifest>